C:\USERS\JONATHAN CHU\DOCUMENTS\MY DROPBOX\SCHOOL WORK\FALL 2012\CSCI 480\PROJECT 2\ASSIGN2\ASSIGN2\DEBUG\ASSIGN2.EXE.EMBED.MANIFEST
C:\USERS\JONATHAN CHU\DOCUMENTS\MY DROPBOX\SCHOOL WORK\FALL 2012\CSCI 480\PROJECT 2\ASSIGN2\ASSIGN2\DEBUG\ASSIGN2.EXE.EMBED.MANIFEST.RES
C:\USERS\JONATHAN CHU\DOCUMENTS\MY DROPBOX\SCHOOL WORK\FALL 2012\CSCI 480\PROJECT 2\ASSIGN2\ASSIGN2\DEBUG\ASSIGN2.EXE.INTERMEDIATE.MANIFEST
C:\USERS\JONATHAN CHU\DOCUMENTS\MY DROPBOX\SCHOOL WORK\FALL 2012\CSCI 480\PROJECT 2\ASSIGN2\ASSIGN2\DEBUG\ASSIGN2.OBJ
C:\Users\Jonathan Chu\Documents\My Dropbox\School Work\Fall 2012\CSCI 480\Project 2\assign2\assign2\Debug\assign2_manifest.rc
C:\Users\Jonathan Chu\Documents\My Dropbox\School Work\Fall 2012\CSCI 480\Project 2\assign2\assign2\Debug\cl.command.1.tlog
C:\Users\Jonathan Chu\Documents\My Dropbox\School Work\Fall 2012\CSCI 480\Project 2\assign2\assign2\Debug\CL.read.1.tlog
C:\Users\Jonathan Chu\Documents\My Dropbox\School Work\Fall 2012\CSCI 480\Project 2\assign2\assign2\Debug\CL.write.1.tlog
C:\Users\Jonathan Chu\Documents\My Dropbox\School Work\Fall 2012\CSCI 480\Project 2\assign2\assign2\Debug\link.1052.read.1.tlog
C:\Users\Jonathan Chu\Documents\My Dropbox\School Work\Fall 2012\CSCI 480\Project 2\assign2\assign2\Debug\link.1052.write.1.tlog
C:\Users\Jonathan Chu\Documents\My Dropbox\School Work\Fall 2012\CSCI 480\Project 2\assign2\assign2\Debug\link.1052-cvtres.read.1.tlog
C:\Users\Jonathan Chu\Documents\My Dropbox\School Work\Fall 2012\CSCI 480\Project 2\assign2\assign2\Debug\link.1052-cvtres.write.1.tlog
C:\Users\Jonathan Chu\Documents\My Dropbox\School Work\Fall 2012\CSCI 480\Project 2\assign2\assign2\Debug\link.1120.read.1.tlog
C:\Users\Jonathan Chu\Documents\My Dropbox\School Work\Fall 2012\CSCI 480\Project 2\assign2\assign2\Debug\link.1120.write.1.tlog
C:\Users\Jonathan Chu\Documents\My Dropbox\School Work\Fall 2012\CSCI 480\Project 2\assign2\assign2\Debug\link.1120-cvtres.read.1.tlog
C:\Users\Jonathan Chu\Documents\My Dropbox\School Work\Fall 2012\CSCI 480\Project 2\assign2\assign2\Debug\link.1120-cvtres.write.1.tlog
C:\Users\Jonathan Chu\Documents\My Dropbox\School Work\Fall 2012\CSCI 480\Project 2\assign2\assign2\Debug\link.1964.read.1.tlog
C:\Users\Jonathan Chu\Documents\My Dropbox\School Work\Fall 2012\CSCI 480\Project 2\assign2\assign2\Debug\link.1964.write.1.tlog
C:\Users\Jonathan Chu\Documents\My Dropbox\School Work\Fall 2012\CSCI 480\Project 2\assign2\assign2\Debug\link.1964-cvtres.read.1.tlog
C:\Users\Jonathan Chu\Documents\My Dropbox\School Work\Fall 2012\CSCI 480\Project 2\assign2\assign2\Debug\link.1964-cvtres.write.1.tlog
C:\Users\Jonathan Chu\Documents\My Dropbox\School Work\Fall 2012\CSCI 480\Project 2\assign2\assign2\Debug\link.2100.read.1.tlog
C:\Users\Jonathan Chu\Documents\My Dropbox\School Work\Fall 2012\CSCI 480\Project 2\assign2\assign2\Debug\link.2100.write.1.tlog
C:\Users\Jonathan Chu\Documents\My Dropbox\School Work\Fall 2012\CSCI 480\Project 2\assign2\assign2\Debug\link.2100-cvtres.read.1.tlog
C:\Users\Jonathan Chu\Documents\My Dropbox\School Work\Fall 2012\CSCI 480\Project 2\assign2\assign2\Debug\link.2100-cvtres.write.1.tlog
C:\Users\Jonathan Chu\Documents\My Dropbox\School Work\Fall 2012\CSCI 480\Project 2\assign2\assign2\Debug\link.2116.read.1.tlog
C:\Users\Jonathan Chu\Documents\My Dropbox\School Work\Fall 2012\CSCI 480\Project 2\assign2\assign2\Debug\link.2116.write.1.tlog
C:\Users\Jonathan Chu\Documents\My Dropbox\School Work\Fall 2012\CSCI 480\Project 2\assign2\assign2\Debug\link.2116-cvtres.read.1.tlog
C:\Users\Jonathan Chu\Documents\My Dropbox\School Work\Fall 2012\CSCI 480\Project 2\assign2\assign2\Debug\link.2116-cvtres.write.1.tlog
C:\Users\Jonathan Chu\Documents\My Dropbox\School Work\Fall 2012\CSCI 480\Project 2\assign2\assign2\Debug\link.2212.read.1.tlog
C:\Users\Jonathan Chu\Documents\My Dropbox\School Work\Fall 2012\CSCI 480\Project 2\assign2\assign2\Debug\link.2212.write.1.tlog
C:\Users\Jonathan Chu\Documents\My Dropbox\School Work\Fall 2012\CSCI 480\Project 2\assign2\assign2\Debug\link.2212-cvtres.read.1.tlog
C:\Users\Jonathan Chu\Documents\My Dropbox\School Work\Fall 2012\CSCI 480\Project 2\assign2\assign2\Debug\link.2212-cvtres.write.1.tlog
C:\Users\Jonathan Chu\Documents\My Dropbox\School Work\Fall 2012\CSCI 480\Project 2\assign2\assign2\Debug\link.2744.read.1.tlog
C:\Users\Jonathan Chu\Documents\My Dropbox\School Work\Fall 2012\CSCI 480\Project 2\assign2\assign2\Debug\link.2744.write.1.tlog
C:\Users\Jonathan Chu\Documents\My Dropbox\School Work\Fall 2012\CSCI 480\Project 2\assign2\assign2\Debug\link.2744-cvtres.read.1.tlog
C:\Users\Jonathan Chu\Documents\My Dropbox\School Work\Fall 2012\CSCI 480\Project 2\assign2\assign2\Debug\link.2744-cvtres.write.1.tlog
C:\Users\Jonathan Chu\Documents\My Dropbox\School Work\Fall 2012\CSCI 480\Project 2\assign2\assign2\Debug\link.3120.read.1.tlog
C:\Users\Jonathan Chu\Documents\My Dropbox\School Work\Fall 2012\CSCI 480\Project 2\assign2\assign2\Debug\link.3120.write.1.tlog
C:\Users\Jonathan Chu\Documents\My Dropbox\School Work\Fall 2012\CSCI 480\Project 2\assign2\assign2\Debug\link.3120-cvtres.read.1.tlog
C:\Users\Jonathan Chu\Documents\My Dropbox\School Work\Fall 2012\CSCI 480\Project 2\assign2\assign2\Debug\link.3120-cvtres.write.1.tlog
C:\Users\Jonathan Chu\Documents\My Dropbox\School Work\Fall 2012\CSCI 480\Project 2\assign2\assign2\Debug\link.3520.read.1.tlog
C:\Users\Jonathan Chu\Documents\My Dropbox\School Work\Fall 2012\CSCI 480\Project 2\assign2\assign2\Debug\link.3520.write.1.tlog
C:\Users\Jonathan Chu\Documents\My Dropbox\School Work\Fall 2012\CSCI 480\Project 2\assign2\assign2\Debug\link.3520-cvtres.read.1.tlog
C:\Users\Jonathan Chu\Documents\My Dropbox\School Work\Fall 2012\CSCI 480\Project 2\assign2\assign2\Debug\link.3520-cvtres.write.1.tlog
C:\Users\Jonathan Chu\Documents\My Dropbox\School Work\Fall 2012\CSCI 480\Project 2\assign2\assign2\Debug\link.3776.read.1.tlog
C:\Users\Jonathan Chu\Documents\My Dropbox\School Work\Fall 2012\CSCI 480\Project 2\assign2\assign2\Debug\link.3776.write.1.tlog
C:\Users\Jonathan Chu\Documents\My Dropbox\School Work\Fall 2012\CSCI 480\Project 2\assign2\assign2\Debug\link.3776-cvtres.read.1.tlog
C:\Users\Jonathan Chu\Documents\My Dropbox\School Work\Fall 2012\CSCI 480\Project 2\assign2\assign2\Debug\link.3776-cvtres.write.1.tlog
C:\Users\Jonathan Chu\Documents\My Dropbox\School Work\Fall 2012\CSCI 480\Project 2\assign2\assign2\Debug\link.4052.read.1.tlog
C:\Users\Jonathan Chu\Documents\My Dropbox\School Work\Fall 2012\CSCI 480\Project 2\assign2\assign2\Debug\link.4052.write.1.tlog
C:\Users\Jonathan Chu\Documents\My Dropbox\School Work\Fall 2012\CSCI 480\Project 2\assign2\assign2\Debug\link.4052-cvtres.read.1.tlog
C:\Users\Jonathan Chu\Documents\My Dropbox\School Work\Fall 2012\CSCI 480\Project 2\assign2\assign2\Debug\link.4052-cvtres.write.1.tlog
C:\Users\Jonathan Chu\Documents\My Dropbox\School Work\Fall 2012\CSCI 480\Project 2\assign2\assign2\Debug\link.4068.read.1.tlog
C:\Users\Jonathan Chu\Documents\My Dropbox\School Work\Fall 2012\CSCI 480\Project 2\assign2\assign2\Debug\link.4068.write.1.tlog
C:\Users\Jonathan Chu\Documents\My Dropbox\School Work\Fall 2012\CSCI 480\Project 2\assign2\assign2\Debug\link.4068-cvtres.read.1.tlog
C:\Users\Jonathan Chu\Documents\My Dropbox\School Work\Fall 2012\CSCI 480\Project 2\assign2\assign2\Debug\link.4068-cvtres.write.1.tlog
C:\Users\Jonathan Chu\Documents\My Dropbox\School Work\Fall 2012\CSCI 480\Project 2\assign2\assign2\Debug\link.4236.read.1.tlog
C:\Users\Jonathan Chu\Documents\My Dropbox\School Work\Fall 2012\CSCI 480\Project 2\assign2\assign2\Debug\link.4236.write.1.tlog
C:\Users\Jonathan Chu\Documents\My Dropbox\School Work\Fall 2012\CSCI 480\Project 2\assign2\assign2\Debug\link.4236-cvtres.read.1.tlog
C:\Users\Jonathan Chu\Documents\My Dropbox\School Work\Fall 2012\CSCI 480\Project 2\assign2\assign2\Debug\link.4236-cvtres.write.1.tlog
C:\Users\Jonathan Chu\Documents\My Dropbox\School Work\Fall 2012\CSCI 480\Project 2\assign2\assign2\Debug\link.4592.read.1.tlog
C:\Users\Jonathan Chu\Documents\My Dropbox\School Work\Fall 2012\CSCI 480\Project 2\assign2\assign2\Debug\link.4592.write.1.tlog
C:\Users\Jonathan Chu\Documents\My Dropbox\School Work\Fall 2012\CSCI 480\Project 2\assign2\assign2\Debug\link.4592-cvtres.read.1.tlog
C:\Users\Jonathan Chu\Documents\My Dropbox\School Work\Fall 2012\CSCI 480\Project 2\assign2\assign2\Debug\link.4592-cvtres.write.1.tlog
C:\Users\Jonathan Chu\Documents\My Dropbox\School Work\Fall 2012\CSCI 480\Project 2\assign2\assign2\Debug\link.4720.read.1.tlog
C:\Users\Jonathan Chu\Documents\My Dropbox\School Work\Fall 2012\CSCI 480\Project 2\assign2\assign2\Debug\link.4720.write.1.tlog
C:\Users\Jonathan Chu\Documents\My Dropbox\School Work\Fall 2012\CSCI 480\Project 2\assign2\assign2\Debug\link.4720-cvtres.read.1.tlog
C:\Users\Jonathan Chu\Documents\My Dropbox\School Work\Fall 2012\CSCI 480\Project 2\assign2\assign2\Debug\link.4720-cvtres.write.1.tlog
C:\Users\Jonathan Chu\Documents\My Dropbox\School Work\Fall 2012\CSCI 480\Project 2\assign2\assign2\Debug\link.4996.read.1.tlog
C:\Users\Jonathan Chu\Documents\My Dropbox\School Work\Fall 2012\CSCI 480\Project 2\assign2\assign2\Debug\link.4996.write.1.tlog
C:\Users\Jonathan Chu\Documents\My Dropbox\School Work\Fall 2012\CSCI 480\Project 2\assign2\assign2\Debug\link.4996-cvtres.read.1.tlog
C:\Users\Jonathan Chu\Documents\My Dropbox\School Work\Fall 2012\CSCI 480\Project 2\assign2\assign2\Debug\link.4996-cvtres.write.1.tlog
C:\Users\Jonathan Chu\Documents\My Dropbox\School Work\Fall 2012\CSCI 480\Project 2\assign2\assign2\Debug\link.5296.read.1.tlog
C:\Users\Jonathan Chu\Documents\My Dropbox\School Work\Fall 2012\CSCI 480\Project 2\assign2\assign2\Debug\link.5296.write.1.tlog
C:\Users\Jonathan Chu\Documents\My Dropbox\School Work\Fall 2012\CSCI 480\Project 2\assign2\assign2\Debug\link.5296-cvtres.read.1.tlog
C:\Users\Jonathan Chu\Documents\My Dropbox\School Work\Fall 2012\CSCI 480\Project 2\assign2\assign2\Debug\link.5296-cvtres.write.1.tlog
C:\Users\Jonathan Chu\Documents\My Dropbox\School Work\Fall 2012\CSCI 480\Project 2\assign2\assign2\Debug\link.6264.read.1.tlog
C:\Users\Jonathan Chu\Documents\My Dropbox\School Work\Fall 2012\CSCI 480\Project 2\assign2\assign2\Debug\link.6264.write.1.tlog
C:\Users\Jonathan Chu\Documents\My Dropbox\School Work\Fall 2012\CSCI 480\Project 2\assign2\assign2\Debug\link.6264-cvtres.read.1.tlog
C:\Users\Jonathan Chu\Documents\My Dropbox\School Work\Fall 2012\CSCI 480\Project 2\assign2\assign2\Debug\link.6264-cvtres.write.1.tlog
C:\Users\Jonathan Chu\Documents\My Dropbox\School Work\Fall 2012\CSCI 480\Project 2\assign2\assign2\Debug\link.6364.read.1.tlog
C:\Users\Jonathan Chu\Documents\My Dropbox\School Work\Fall 2012\CSCI 480\Project 2\assign2\assign2\Debug\link.6364.write.1.tlog
C:\Users\Jonathan Chu\Documents\My Dropbox\School Work\Fall 2012\CSCI 480\Project 2\assign2\assign2\Debug\link.6364-cvtres.read.1.tlog
C:\Users\Jonathan Chu\Documents\My Dropbox\School Work\Fall 2012\CSCI 480\Project 2\assign2\assign2\Debug\link.6364-cvtres.write.1.tlog
C:\Users\Jonathan Chu\Documents\My Dropbox\School Work\Fall 2012\CSCI 480\Project 2\assign2\assign2\Debug\link.6548.read.1.tlog
C:\Users\Jonathan Chu\Documents\My Dropbox\School Work\Fall 2012\CSCI 480\Project 2\assign2\assign2\Debug\link.6548.write.1.tlog
C:\Users\Jonathan Chu\Documents\My Dropbox\School Work\Fall 2012\CSCI 480\Project 2\assign2\assign2\Debug\link.6548-cvtres.read.1.tlog
C:\Users\Jonathan Chu\Documents\My Dropbox\School Work\Fall 2012\CSCI 480\Project 2\assign2\assign2\Debug\link.6548-cvtres.write.1.tlog
C:\Users\Jonathan Chu\Documents\My Dropbox\School Work\Fall 2012\CSCI 480\Project 2\assign2\assign2\Debug\link.6608.read.1.tlog
C:\Users\Jonathan Chu\Documents\My Dropbox\School Work\Fall 2012\CSCI 480\Project 2\assign2\assign2\Debug\link.6608.write.1.tlog
C:\Users\Jonathan Chu\Documents\My Dropbox\School Work\Fall 2012\CSCI 480\Project 2\assign2\assign2\Debug\link.6608-cvtres.read.1.tlog
C:\Users\Jonathan Chu\Documents\My Dropbox\School Work\Fall 2012\CSCI 480\Project 2\assign2\assign2\Debug\link.6608-cvtres.write.1.tlog
C:\Users\Jonathan Chu\Documents\My Dropbox\School Work\Fall 2012\CSCI 480\Project 2\assign2\assign2\Debug\link.6616.read.1.tlog
C:\Users\Jonathan Chu\Documents\My Dropbox\School Work\Fall 2012\CSCI 480\Project 2\assign2\assign2\Debug\link.6616.write.1.tlog
C:\Users\Jonathan Chu\Documents\My Dropbox\School Work\Fall 2012\CSCI 480\Project 2\assign2\assign2\Debug\link.6616-cvtres.read.1.tlog
C:\Users\Jonathan Chu\Documents\My Dropbox\School Work\Fall 2012\CSCI 480\Project 2\assign2\assign2\Debug\link.6616-cvtres.write.1.tlog
C:\Users\Jonathan Chu\Documents\My Dropbox\School Work\Fall 2012\CSCI 480\Project 2\assign2\assign2\Debug\link.6904.read.1.tlog
C:\Users\Jonathan Chu\Documents\My Dropbox\School Work\Fall 2012\CSCI 480\Project 2\assign2\assign2\Debug\link.6904.write.1.tlog
C:\Users\Jonathan Chu\Documents\My Dropbox\School Work\Fall 2012\CSCI 480\Project 2\assign2\assign2\Debug\link.6904-cvtres.read.1.tlog
C:\Users\Jonathan Chu\Documents\My Dropbox\School Work\Fall 2012\CSCI 480\Project 2\assign2\assign2\Debug\link.6904-cvtres.write.1.tlog
C:\Users\Jonathan Chu\Documents\My Dropbox\School Work\Fall 2012\CSCI 480\Project 2\assign2\assign2\Debug\link.6912.read.1.tlog
C:\Users\Jonathan Chu\Documents\My Dropbox\School Work\Fall 2012\CSCI 480\Project 2\assign2\assign2\Debug\link.6912.write.1.tlog
C:\Users\Jonathan Chu\Documents\My Dropbox\School Work\Fall 2012\CSCI 480\Project 2\assign2\assign2\Debug\link.6912-cvtres.read.1.tlog
C:\Users\Jonathan Chu\Documents\My Dropbox\School Work\Fall 2012\CSCI 480\Project 2\assign2\assign2\Debug\link.6912-cvtres.write.1.tlog
C:\Users\Jonathan Chu\Documents\My Dropbox\School Work\Fall 2012\CSCI 480\Project 2\assign2\assign2\Debug\link.7000.read.1.tlog
C:\Users\Jonathan Chu\Documents\My Dropbox\School Work\Fall 2012\CSCI 480\Project 2\assign2\assign2\Debug\link.7000.write.1.tlog
C:\Users\Jonathan Chu\Documents\My Dropbox\School Work\Fall 2012\CSCI 480\Project 2\assign2\assign2\Debug\link.7000-cvtres.read.1.tlog
C:\Users\Jonathan Chu\Documents\My Dropbox\School Work\Fall 2012\CSCI 480\Project 2\assign2\assign2\Debug\link.7000-cvtres.write.1.tlog
C:\Users\Jonathan Chu\Documents\My Dropbox\School Work\Fall 2012\CSCI 480\Project 2\assign2\assign2\Debug\link.7044.read.1.tlog
C:\Users\Jonathan Chu\Documents\My Dropbox\School Work\Fall 2012\CSCI 480\Project 2\assign2\assign2\Debug\link.7044.write.1.tlog
C:\Users\Jonathan Chu\Documents\My Dropbox\School Work\Fall 2012\CSCI 480\Project 2\assign2\assign2\Debug\link.7044-cvtres.read.1.tlog
C:\Users\Jonathan Chu\Documents\My Dropbox\School Work\Fall 2012\CSCI 480\Project 2\assign2\assign2\Debug\link.7044-cvtres.write.1.tlog
C:\Users\Jonathan Chu\Documents\My Dropbox\School Work\Fall 2012\CSCI 480\Project 2\assign2\assign2\Debug\link.7096.read.1.tlog
C:\Users\Jonathan Chu\Documents\My Dropbox\School Work\Fall 2012\CSCI 480\Project 2\assign2\assign2\Debug\link.7096.write.1.tlog
C:\Users\Jonathan Chu\Documents\My Dropbox\School Work\Fall 2012\CSCI 480\Project 2\assign2\assign2\Debug\link.7096-cvtres.read.1.tlog
C:\Users\Jonathan Chu\Documents\My Dropbox\School Work\Fall 2012\CSCI 480\Project 2\assign2\assign2\Debug\link.7096-cvtres.write.1.tlog
C:\Users\Jonathan Chu\Documents\My Dropbox\School Work\Fall 2012\CSCI 480\Project 2\assign2\assign2\Debug\link.7372.read.1.tlog
C:\Users\Jonathan Chu\Documents\My Dropbox\School Work\Fall 2012\CSCI 480\Project 2\assign2\assign2\Debug\link.7372.write.1.tlog
C:\Users\Jonathan Chu\Documents\My Dropbox\School Work\Fall 2012\CSCI 480\Project 2\assign2\assign2\Debug\link.7372-cvtres.read.1.tlog
C:\Users\Jonathan Chu\Documents\My Dropbox\School Work\Fall 2012\CSCI 480\Project 2\assign2\assign2\Debug\link.7372-cvtres.write.1.tlog
C:\Users\Jonathan Chu\Documents\My Dropbox\School Work\Fall 2012\CSCI 480\Project 2\assign2\assign2\Debug\link.7432.read.1.tlog
C:\Users\Jonathan Chu\Documents\My Dropbox\School Work\Fall 2012\CSCI 480\Project 2\assign2\assign2\Debug\link.7432.write.1.tlog
C:\Users\Jonathan Chu\Documents\My Dropbox\School Work\Fall 2012\CSCI 480\Project 2\assign2\assign2\Debug\link.7432-cvtres.read.1.tlog
C:\Users\Jonathan Chu\Documents\My Dropbox\School Work\Fall 2012\CSCI 480\Project 2\assign2\assign2\Debug\link.7432-cvtres.write.1.tlog
C:\Users\Jonathan Chu\Documents\My Dropbox\School Work\Fall 2012\CSCI 480\Project 2\assign2\assign2\Debug\link.7720.read.1.tlog
C:\Users\Jonathan Chu\Documents\My Dropbox\School Work\Fall 2012\CSCI 480\Project 2\assign2\assign2\Debug\link.7720.write.1.tlog
C:\Users\Jonathan Chu\Documents\My Dropbox\School Work\Fall 2012\CSCI 480\Project 2\assign2\assign2\Debug\link.7720-cvtres.read.1.tlog
C:\Users\Jonathan Chu\Documents\My Dropbox\School Work\Fall 2012\CSCI 480\Project 2\assign2\assign2\Debug\link.7720-cvtres.write.1.tlog
C:\Users\Jonathan Chu\Documents\My Dropbox\School Work\Fall 2012\CSCI 480\Project 2\assign2\assign2\Debug\link.7896.read.1.tlog
C:\Users\Jonathan Chu\Documents\My Dropbox\School Work\Fall 2012\CSCI 480\Project 2\assign2\assign2\Debug\link.7896.write.1.tlog
C:\Users\Jonathan Chu\Documents\My Dropbox\School Work\Fall 2012\CSCI 480\Project 2\assign2\assign2\Debug\link.7896-cvtres.read.1.tlog
C:\Users\Jonathan Chu\Documents\My Dropbox\School Work\Fall 2012\CSCI 480\Project 2\assign2\assign2\Debug\link.7896-cvtres.write.1.tlog
C:\Users\Jonathan Chu\Documents\My Dropbox\School Work\Fall 2012\CSCI 480\Project 2\assign2\assign2\Debug\link.8408.read.1.tlog
C:\Users\Jonathan Chu\Documents\My Dropbox\School Work\Fall 2012\CSCI 480\Project 2\assign2\assign2\Debug\link.8408.write.1.tlog
C:\Users\Jonathan Chu\Documents\My Dropbox\School Work\Fall 2012\CSCI 480\Project 2\assign2\assign2\Debug\link.8408-cvtres.read.1.tlog
C:\Users\Jonathan Chu\Documents\My Dropbox\School Work\Fall 2012\CSCI 480\Project 2\assign2\assign2\Debug\link.8408-cvtres.write.1.tlog
C:\Users\Jonathan Chu\Documents\My Dropbox\School Work\Fall 2012\CSCI 480\Project 2\assign2\assign2\Debug\link.8532.read.1.tlog
C:\Users\Jonathan Chu\Documents\My Dropbox\School Work\Fall 2012\CSCI 480\Project 2\assign2\assign2\Debug\link.8532.write.1.tlog
C:\Users\Jonathan Chu\Documents\My Dropbox\School Work\Fall 2012\CSCI 480\Project 2\assign2\assign2\Debug\link.8532-cvtres.read.1.tlog
C:\Users\Jonathan Chu\Documents\My Dropbox\School Work\Fall 2012\CSCI 480\Project 2\assign2\assign2\Debug\link.8532-cvtres.write.1.tlog
C:\Users\Jonathan Chu\Documents\My Dropbox\School Work\Fall 2012\CSCI 480\Project 2\assign2\assign2\Debug\link.8628.read.1.tlog
C:\Users\Jonathan Chu\Documents\My Dropbox\School Work\Fall 2012\CSCI 480\Project 2\assign2\assign2\Debug\link.8628.write.1.tlog
C:\Users\Jonathan Chu\Documents\My Dropbox\School Work\Fall 2012\CSCI 480\Project 2\assign2\assign2\Debug\link.8628-cvtres.read.1.tlog
C:\Users\Jonathan Chu\Documents\My Dropbox\School Work\Fall 2012\CSCI 480\Project 2\assign2\assign2\Debug\link.8628-cvtres.write.1.tlog
C:\Users\Jonathan Chu\Documents\My Dropbox\School Work\Fall 2012\CSCI 480\Project 2\assign2\assign2\Debug\link.8648.read.1.tlog
C:\Users\Jonathan Chu\Documents\My Dropbox\School Work\Fall 2012\CSCI 480\Project 2\assign2\assign2\Debug\link.8648.write.1.tlog
C:\Users\Jonathan Chu\Documents\My Dropbox\School Work\Fall 2012\CSCI 480\Project 2\assign2\assign2\Debug\link.8648-cvtres.read.1.tlog
C:\Users\Jonathan Chu\Documents\My Dropbox\School Work\Fall 2012\CSCI 480\Project 2\assign2\assign2\Debug\link.8648-cvtres.write.1.tlog
C:\Users\Jonathan Chu\Documents\My Dropbox\School Work\Fall 2012\CSCI 480\Project 2\assign2\assign2\Debug\link.8772.read.1.tlog
C:\Users\Jonathan Chu\Documents\My Dropbox\School Work\Fall 2012\CSCI 480\Project 2\assign2\assign2\Debug\link.8772.write.1.tlog
C:\Users\Jonathan Chu\Documents\My Dropbox\School Work\Fall 2012\CSCI 480\Project 2\assign2\assign2\Debug\link.8772-cvtres.read.1.tlog
C:\Users\Jonathan Chu\Documents\My Dropbox\School Work\Fall 2012\CSCI 480\Project 2\assign2\assign2\Debug\link.8772-cvtres.write.1.tlog
C:\Users\Jonathan Chu\Documents\My Dropbox\School Work\Fall 2012\CSCI 480\Project 2\assign2\assign2\Debug\link.8788.read.1.tlog
C:\Users\Jonathan Chu\Documents\My Dropbox\School Work\Fall 2012\CSCI 480\Project 2\assign2\assign2\Debug\link.8788.write.1.tlog
C:\Users\Jonathan Chu\Documents\My Dropbox\School Work\Fall 2012\CSCI 480\Project 2\assign2\assign2\Debug\link.8788-cvtres.read.1.tlog
C:\Users\Jonathan Chu\Documents\My Dropbox\School Work\Fall 2012\CSCI 480\Project 2\assign2\assign2\Debug\link.8788-cvtres.write.1.tlog
C:\Users\Jonathan Chu\Documents\My Dropbox\School Work\Fall 2012\CSCI 480\Project 2\assign2\assign2\Debug\link.8916.read.1.tlog
C:\Users\Jonathan Chu\Documents\My Dropbox\School Work\Fall 2012\CSCI 480\Project 2\assign2\assign2\Debug\link.8916.write.1.tlog
C:\Users\Jonathan Chu\Documents\My Dropbox\School Work\Fall 2012\CSCI 480\Project 2\assign2\assign2\Debug\link.8916-cvtres.read.1.tlog
C:\Users\Jonathan Chu\Documents\My Dropbox\School Work\Fall 2012\CSCI 480\Project 2\assign2\assign2\Debug\link.8916-cvtres.write.1.tlog
C:\Users\Jonathan Chu\Documents\My Dropbox\School Work\Fall 2012\CSCI 480\Project 2\assign2\assign2\Debug\link.8932.read.1.tlog
C:\Users\Jonathan Chu\Documents\My Dropbox\School Work\Fall 2012\CSCI 480\Project 2\assign2\assign2\Debug\link.8932.write.1.tlog
C:\Users\Jonathan Chu\Documents\My Dropbox\School Work\Fall 2012\CSCI 480\Project 2\assign2\assign2\Debug\link.8932-cvtres.read.1.tlog
C:\Users\Jonathan Chu\Documents\My Dropbox\School Work\Fall 2012\CSCI 480\Project 2\assign2\assign2\Debug\link.8932-cvtres.write.1.tlog
C:\Users\Jonathan Chu\Documents\My Dropbox\School Work\Fall 2012\CSCI 480\Project 2\assign2\assign2\Debug\link.8952.read.1.tlog
C:\Users\Jonathan Chu\Documents\My Dropbox\School Work\Fall 2012\CSCI 480\Project 2\assign2\assign2\Debug\link.8952.write.1.tlog
C:\Users\Jonathan Chu\Documents\My Dropbox\School Work\Fall 2012\CSCI 480\Project 2\assign2\assign2\Debug\link.8952-cvtres.read.1.tlog
C:\Users\Jonathan Chu\Documents\My Dropbox\School Work\Fall 2012\CSCI 480\Project 2\assign2\assign2\Debug\link.8952-cvtres.write.1.tlog
C:\Users\Jonathan Chu\Documents\My Dropbox\School Work\Fall 2012\CSCI 480\Project 2\assign2\assign2\Debug\link.9044.read.1.tlog
C:\Users\Jonathan Chu\Documents\My Dropbox\School Work\Fall 2012\CSCI 480\Project 2\assign2\assign2\Debug\link.9044.write.1.tlog
C:\Users\Jonathan Chu\Documents\My Dropbox\School Work\Fall 2012\CSCI 480\Project 2\assign2\assign2\Debug\link.9044-cvtres.read.1.tlog
C:\Users\Jonathan Chu\Documents\My Dropbox\School Work\Fall 2012\CSCI 480\Project 2\assign2\assign2\Debug\link.9044-cvtres.write.1.tlog
C:\Users\Jonathan Chu\Documents\My Dropbox\School Work\Fall 2012\CSCI 480\Project 2\assign2\assign2\Debug\link.9088.read.1.tlog
C:\Users\Jonathan Chu\Documents\My Dropbox\School Work\Fall 2012\CSCI 480\Project 2\assign2\assign2\Debug\link.9088.write.1.tlog
C:\Users\Jonathan Chu\Documents\My Dropbox\School Work\Fall 2012\CSCI 480\Project 2\assign2\assign2\Debug\link.9088-cvtres.read.1.tlog
C:\Users\Jonathan Chu\Documents\My Dropbox\School Work\Fall 2012\CSCI 480\Project 2\assign2\assign2\Debug\link.9088-cvtres.write.1.tlog
C:\Users\Jonathan Chu\Documents\My Dropbox\School Work\Fall 2012\CSCI 480\Project 2\assign2\assign2\Debug\link.9116.read.1.tlog
C:\Users\Jonathan Chu\Documents\My Dropbox\School Work\Fall 2012\CSCI 480\Project 2\assign2\assign2\Debug\link.9116.write.1.tlog
C:\Users\Jonathan Chu\Documents\My Dropbox\School Work\Fall 2012\CSCI 480\Project 2\assign2\assign2\Debug\link.9116-cvtres.read.1.tlog
C:\Users\Jonathan Chu\Documents\My Dropbox\School Work\Fall 2012\CSCI 480\Project 2\assign2\assign2\Debug\link.9116-cvtres.write.1.tlog
C:\Users\Jonathan Chu\Documents\My Dropbox\School Work\Fall 2012\CSCI 480\Project 2\assign2\assign2\Debug\link.9132.read.1.tlog
C:\Users\Jonathan Chu\Documents\My Dropbox\School Work\Fall 2012\CSCI 480\Project 2\assign2\assign2\Debug\link.9132.write.1.tlog
C:\Users\Jonathan Chu\Documents\My Dropbox\School Work\Fall 2012\CSCI 480\Project 2\assign2\assign2\Debug\link.9132-cvtres.read.1.tlog
C:\Users\Jonathan Chu\Documents\My Dropbox\School Work\Fall 2012\CSCI 480\Project 2\assign2\assign2\Debug\link.9132-cvtres.write.1.tlog
C:\Users\Jonathan Chu\Documents\My Dropbox\School Work\Fall 2012\CSCI 480\Project 2\assign2\assign2\Debug\link.9148.read.1.tlog
C:\Users\Jonathan Chu\Documents\My Dropbox\School Work\Fall 2012\CSCI 480\Project 2\assign2\assign2\Debug\link.9148.write.1.tlog
C:\Users\Jonathan Chu\Documents\My Dropbox\School Work\Fall 2012\CSCI 480\Project 2\assign2\assign2\Debug\link.9148-cvtres.read.1.tlog
C:\Users\Jonathan Chu\Documents\My Dropbox\School Work\Fall 2012\CSCI 480\Project 2\assign2\assign2\Debug\link.9148-cvtres.write.1.tlog
C:\Users\Jonathan Chu\Documents\My Dropbox\School Work\Fall 2012\CSCI 480\Project 2\assign2\assign2\Debug\link.9164.read.1.tlog
C:\Users\Jonathan Chu\Documents\My Dropbox\School Work\Fall 2012\CSCI 480\Project 2\assign2\assign2\Debug\link.9164.write.1.tlog
C:\Users\Jonathan Chu\Documents\My Dropbox\School Work\Fall 2012\CSCI 480\Project 2\assign2\assign2\Debug\link.9164-cvtres.read.1.tlog
C:\Users\Jonathan Chu\Documents\My Dropbox\School Work\Fall 2012\CSCI 480\Project 2\assign2\assign2\Debug\link.9164-cvtres.write.1.tlog
C:\Users\Jonathan Chu\Documents\My Dropbox\School Work\Fall 2012\CSCI 480\Project 2\assign2\assign2\Debug\link.9188.read.1.tlog
C:\Users\Jonathan Chu\Documents\My Dropbox\School Work\Fall 2012\CSCI 480\Project 2\assign2\assign2\Debug\link.9188.write.1.tlog
C:\Users\Jonathan Chu\Documents\My Dropbox\School Work\Fall 2012\CSCI 480\Project 2\assign2\assign2\Debug\link.9188-cvtres.read.1.tlog
C:\Users\Jonathan Chu\Documents\My Dropbox\School Work\Fall 2012\CSCI 480\Project 2\assign2\assign2\Debug\link.9188-cvtres.write.1.tlog
C:\Users\Jonathan Chu\Documents\My Dropbox\School Work\Fall 2012\CSCI 480\Project 2\assign2\assign2\Debug\link.924.read.1.tlog
C:\Users\Jonathan Chu\Documents\My Dropbox\School Work\Fall 2012\CSCI 480\Project 2\assign2\assign2\Debug\link.924.write.1.tlog
C:\Users\Jonathan Chu\Documents\My Dropbox\School Work\Fall 2012\CSCI 480\Project 2\assign2\assign2\Debug\link.924-cvtres.read.1.tlog
C:\Users\Jonathan Chu\Documents\My Dropbox\School Work\Fall 2012\CSCI 480\Project 2\assign2\assign2\Debug\link.924-cvtres.write.1.tlog
C:\Users\Jonathan Chu\Documents\My Dropbox\School Work\Fall 2012\CSCI 480\Project 2\assign2\assign2\Debug\link.command.1.tlog
C:\Users\Jonathan Chu\Documents\My Dropbox\School Work\Fall 2012\CSCI 480\Project 2\assign2\assign2\Debug\link.read.1.tlog
C:\Users\Jonathan Chu\Documents\My Dropbox\School Work\Fall 2012\CSCI 480\Project 2\assign2\assign2\Debug\link.write.1.tlog
C:\USERS\JONATHAN CHU\DOCUMENTS\MY DROPBOX\SCHOOL WORK\FALL 2012\CSCI 480\PROJECT 2\ASSIGN2\ASSIGN2\DEBUG\MATRIX.OBJ
C:\Users\Jonathan Chu\Documents\My Dropbox\School Work\Fall 2012\CSCI 480\Project 2\assign2\assign2\Debug\mt.command.1.tlog
C:\Users\Jonathan Chu\Documents\My Dropbox\School Work\Fall 2012\CSCI 480\Project 2\assign2\assign2\Debug\mt.read.1.tlog
C:\Users\Jonathan Chu\Documents\My Dropbox\School Work\Fall 2012\CSCI 480\Project 2\assign2\assign2\Debug\mt.write.1.tlog
C:\Users\Jonathan Chu\Documents\My Dropbox\School Work\Fall 2012\CSCI 480\Project 2\assign2\assign2\Debug\rc.command.1.tlog
C:\Users\Jonathan Chu\Documents\My Dropbox\School Work\Fall 2012\CSCI 480\Project 2\assign2\assign2\Debug\rc.read.1.tlog
C:\Users\Jonathan Chu\Documents\My Dropbox\School Work\Fall 2012\CSCI 480\Project 2\assign2\assign2\Debug\rc.write.1.tlog
C:\USERS\JONATHAN CHU\DOCUMENTS\MY DROPBOX\SCHOOL WORK\FALL 2012\CSCI 480\PROJECT 2\ASSIGN2\ASSIGN2\DEBUG\STDAFX.OBJ
C:\Users\Jonathan Chu\Documents\My Dropbox\School Work\Fall 2012\CSCI 480\Project 2\assign2\assign2\Debug\vc100.idb
C:\USERS\JONATHAN CHU\DOCUMENTS\MY DROPBOX\SCHOOL WORK\FALL 2012\CSCI 480\PROJECT 2\ASSIGN2\ASSIGN2\DEBUG\VC100.PDB
C:\USERS\JONATHAN CHU\DOCUMENTS\MY DROPBOX\SCHOOL WORK\FALL 2012\CSCI 480\PROJECT 2\ASSIGN2\ASSIGN2\DEBUG\VECTOR.OBJ
C:\USERS\JONATHAN CHU\DOCUMENTS\MY DROPBOX\SCHOOL WORK\FALL 2012\CSCI 480\PROJECT 2\ASSIGN2\DEBUG\ASSIGN2.EXE
C:\USERS\JONATHAN CHU\DOCUMENTS\MY DROPBOX\SCHOOL WORK\FALL 2012\CSCI 480\PROJECT 2\ASSIGN2\DEBUG\ASSIGN2.ILK
C:\USERS\JONATHAN CHU\DOCUMENTS\MY DROPBOX\SCHOOL WORK\FALL 2012\CSCI 480\PROJECT 2\ASSIGN2\DEBUG\ASSIGN2.PDB
